# JRE version: Java(TM) SE Runtime Environment 18.9 (11.0.19+9) (build 11.0.19+9-LTS-224)
# Java VM: Java HotSpot(TM) 64-Bit Server VM 18.9 (11.0.19+9-LTS-224, mixed mode, tiered, compressed oops, g1 gc, windows-amd64)
Heap:
 garbage-first heap   total 293888K, used 161176K [0x0000000080000000, 0x0000000100000000)
  region size 1024K, 3 young (3072K), 3 survivors (3072K)
 Metaspace       used 120775K, capacity 125223K, committed 125476K, reserved 624640K
  class space    used 16103K, capacity 17825K, committed 17920K, reserved 516096K
GC Heap History (10 events):
Event: 101.417 GC heap after
{Heap after GC invocations=76 (full 0):
 garbage-first heap   total 187392K, used 145400K [0x0000000080000000, 0x0000000100000000)
  region size 1024K, 1 young (1024K), 1 survivors (1024K)
 Metaspace       used 115013K, capacity 119144K, committed 119332K, reserved 620544K
  class space    used 15271K, capacity 16836K, committed 16896K, reserved 516096K
}
Event: 101.562 GC heap before
{Heap before GC invocations=76 (full 0):
 garbage-first heap   total 187392K, used 156664K [0x0000000080000000, 0x0000000100000000)
  region size 1024K, 12 young (12288K), 1 survivors (1024K)
 Metaspace       used 115106K, capacity 119324K, committed 119588K, reserved 620544K
  class space    used 15282K, capacity 16849K, committed 16896K, reserved 516096K
}
Event: 101.566 GC heap after
{Heap after GC invocations=77 (full 0):
 garbage-first heap   total 244736K, used 151438K [0x0000000080000000, 0x0000000100000000)
  region size 1024K, 2 young (2048K), 2 survivors (2048K)
 Metaspace       used 115106K, capacity 119324K, committed 119588K, reserved 620544K
  class space    used 15282K, capacity 16849K, committed 16896K, reserved 516096K
}
Event: 101.761 GC heap before
{Heap before GC invocations=77 (full 0):
 garbage-first heap   total 244736K, used 180110K [0x0000000080000000, 0x0000000100000000)
  region size 1024K, 30 young (30720K), 2 survivors (2048K)
 Metaspace       used 116740K, capacity 121073K, committed 121124K, reserved 620544K
  class space    used 15511K, capacity 17149K, committed 17152K, reserved 516096K
}
Event: 101.764 GC heap after
{Heap after GC invocations=78 (full 0):
 garbage-first heap   total 244736K, used 153227K [0x0000000080000000, 0x0000000100000000)
  region size 1024K, 4 young (4096K), 4 survivors (4096K)
 Metaspace       used 116740K, capacity 121073K, committed 121124K, reserved 620544K
  class space    used 15511K, capacity 17149K, committed 17152K, reserved 516096K
}
Event: 102.086 GC heap before
{Heap before GC invocations=78 (full 0):
 garbage-first heap   total 244736K, used 182923K [0x0000000080000000, 0x0000000100000000)
  region size 1024K, 33 young (33792K), 4 survivors (4096K)
 Metaspace       used 117647K, capacity 122066K, committed 122404K, reserved 622592K
  class space    used 15631K, capacity 17320K, committed 17408K, reserved 516096K
}
Event: 102.092 GC heap after
{Heap after GC invocations=79 (full 0):
 garbage-first heap   total 244736K, used 158371K [0x0000000080000000, 0x0000000100000000)
  region size 1024K, 5 young (5120K), 5 survivors (5120K)
 Metaspace       used 117647K, capacity 122066K, committed 122404K, reserved 622592K
  class space    used 15631K, capacity 17320K, committed 17408K, reserved 516096K
}
Event: 102.322 GC heap before
{Heap before GC invocations=79 (full 0):
 garbage-first heap   total 244736K, used 187043K [0x0000000080000000, 0x0000000100000000)
  region size 1024K, 34 young (34816K), 5 survivors (5120K)
 Metaspace       used 118896K, capacity 123334K, committed 123684K, reserved 622592K
  class space    used 15838K, capacity 17543K, committed 17664K, reserved 516096K
}
Event: 102.328 GC heap after
{Heap after GC invocations=80 (full 0):
 garbage-first heap   total 244736K, used 159885K [0x0000000080000000, 0x0000000100000000)
  region size 1024K, 2 young (2048K), 2 survivors (2048K)
 Metaspace       used 118896K, capacity 123334K, committed 123684K, reserved 622592K
  class space    used 15838K, capacity 17543K, committed 17664K, reserved 516096K
}
Event: 102.705 GC heap before
{Heap before GC invocations=80 (full 0):
 garbage-first heap   total 244736K, used 190605K [0x0000000080000000, 0x0000000100000000)
  region size 1024K, 32 young (32768K), 2 survivors (2048K)
 Metaspace       used 120775K, capacity 125223K, committed 125476K, reserved 624640K
  class space    used 16103K, capacity 17825K, committed 17920K, reserved 516096K
}

